Using pre-set license
Built from '2022.3/staging' branch; Version is '2022.3.35f1 (011206c7a712) revision 70150'; Using compiler version '192829333'; Build Type 'Release'
OS: 'Windows 11  (10.0.22631) 64bit CoreSingleLanguage' Language: 'pt' Physical Memory: 16068 MB
BatchMode: 1, IsHumanControllingUs: 0, StartBugReporterOnCrash: 0, Is64bit: 1, IsPro: 1

COMMAND LINE ARGUMENTS:
C:\Program Files\Unity\Hub\Editor\2022.3.35f1\Editor\Unity.exe
-adb2
-batchMode
-noUpm
-name
AssetImportWorker4
-projectPath
C:/Users/guilh/workspaces/workspace-unity/Labiralg
-logFile
Logs/AssetImportWorker4.log
-srvPort
51909
Successfully changed project path to: C:/Users/guilh/workspaces/workspace-unity/Labiralg
C:/Users/guilh/workspaces/workspace-unity/Labiralg
[UnityMemory] Configuration Parameters - Can be set up in boot.config
    "memorysetup-bucket-allocator-granularity=16"
    "memorysetup-bucket-allocator-bucket-count=8"
    "memorysetup-bucket-allocator-block-size=33554432"
    "memorysetup-bucket-allocator-block-count=8"
    "memorysetup-main-allocator-block-size=16777216"
    "memorysetup-thread-allocator-block-size=16777216"
    "memorysetup-gfx-main-allocator-block-size=16777216"
    "memorysetup-gfx-thread-allocator-block-size=16777216"
    "memorysetup-cache-allocator-block-size=4194304"
    "memorysetup-typetree-allocator-block-size=2097152"
    "memorysetup-profiler-bucket-allocator-granularity=16"
    "memorysetup-profiler-bucket-allocator-bucket-count=8"
    "memorysetup-profiler-bucket-allocator-block-size=33554432"
    "memorysetup-profiler-bucket-allocator-block-count=8"
    "memorysetup-profiler-allocator-block-size=16777216"
    "memorysetup-profiler-editor-allocator-block-size=1048576"
    "memorysetup-temp-allocator-size-main=16777216"
    "memorysetup-job-temp-allocator-block-size=2097152"
    "memorysetup-job-temp-allocator-block-size-background=1048576"
    "memorysetup-job-temp-allocator-reduction-small-platforms=262144"
    "memorysetup-allocator-temp-initial-block-size-main=262144"
    "memorysetup-allocator-temp-initial-block-size-worker=262144"
    "memorysetup-temp-allocator-size-background-worker=32768"
    "memorysetup-temp-allocator-size-job-worker=262144"
    "memorysetup-temp-allocator-size-preload-manager=33554432"
    "memorysetup-temp-allocator-size-nav-mesh-worker=65536"
    "memorysetup-temp-allocator-size-audio-worker=65536"
    "memorysetup-temp-allocator-size-cloud-worker=32768"
    "memorysetup-temp-allocator-size-gi-baking-worker=262144"
    "memorysetup-temp-allocator-size-gfx=262144"
Player connection [36780] Host "[IP] 192.168.4.10 [Port] 0 [Flags] 2 [Guid] 2654834256 [EditorId] 2654834256 [Version] 1048832 [Id] WindowsEditor(7,GuiBDBello) [Debug] 1 [PackageName] WindowsEditor [ProjectName] Editor" joined multi-casting on [225.0.0.222:54997]...

Player connection [36780] Host "[IP] 192.168.4.10 [Port] 0 [Flags] 2 [Guid] 2654834256 [EditorId] 2654834256 [Version] 1048832 [Id] WindowsEditor(7,GuiBDBello) [Debug] 1 [PackageName] WindowsEditor [ProjectName] Editor" joined alternative multi-casting on [225.0.0.222:34997]...

[PhysX] Initialized MultithreadedTaskDispatcher with 20 workers.
Refreshing native plugins compatible for Editor in 22.27 ms, found 2 plugins.
Preloading 0 native plugins for Editor in 0.00 ms.
Initialize engine version: 2022.3.35f1 (011206c7a712)
[Subsystems] Discovering subsystems at path C:/Program Files/Unity/Hub/Editor/2022.3.35f1/Editor/Data/Resources/UnitySubsystems
[Subsystems] Discovering subsystems at path C:/Users/guilh/workspaces/workspace-unity/Labiralg/Assets
GfxDevice: creating device client; threaded=0; jobified=0
Direct3D:
    Version:  Direct3D 11.0 [level 11.1]
    Renderer: NVIDIA GeForce RTX 3060 Laptop GPU (ID=0x2560)
    Vendor:   NVIDIA
    VRAM:     6009 MB
    Driver:   31.0.15.3623
Initialize mono
Mono path[0] = 'C:/Program Files/Unity/Hub/Editor/2022.3.35f1/Editor/Data/Managed'
Mono path[1] = 'C:/Program Files/Unity/Hub/Editor/2022.3.35f1/Editor/Data/MonoBleedingEdge/lib/mono/unityjit-win32'
Mono config path = 'C:/Program Files/Unity/Hub/Editor/2022.3.35f1/Editor/Data/MonoBleedingEdge/etc'
Using monoOptions --debugger-agent=transport=dt_socket,embedding=1,server=y,suspend=n,address=127.0.0.1:56124
Begin MonoManager ReloadAssembly
Registering precompiled unity dll's ...
Register platform support module: C:/Program Files/Unity/Hub/Editor/2022.3.35f1/Editor/Data/PlaybackEngines/WebGLSupport/UnityEditor.WebGL.Extensions.dll
Register platform support module: C:/Program Files/Unity/Hub/Editor/2022.3.35f1/Editor/Data/PlaybackEngines/WindowsStandaloneSupport/UnityEditor.WindowsStandalone.Extensions.dll
Registered in 0.014301 seconds.
- Loaded All Assemblies, in  0.462 seconds
Native extension for WindowsStandalone target not found
Native extension for WebGL target not found
Mono: successfully reloaded assembly
- Finished resetting the current domain, in  0.293 seconds
Domain Reload Profiling: 750ms
	BeginReloadAssembly (142ms)
		ExecutionOrderSort (0ms)
		DisableScriptedObjects (0ms)
		BackupInstance (0ms)
		ReleaseScriptingObjects (0ms)
		CreateAndSetChildDomain (1ms)
	RebuildCommonClasses (35ms)
	RebuildNativeTypeToScriptingClass (13ms)
	initialDomainReloadingComplete (86ms)
	LoadAllAssembliesAndSetupDomain (181ms)
		LoadAssemblies (141ms)
		RebuildTransferFunctionScriptingTraits (0ms)
		AnalyzeDomain (178ms)
			TypeCache.Refresh (176ms)
				TypeCache.ScanAssembly (164ms)
			ScanForSourceGeneratedMonoScriptInfo (0ms)
			ResolveRequiredComponents (0ms)
	FinalizeReload (293ms)
		ReleaseScriptCaches (0ms)
		RebuildScriptCaches (0ms)
		SetupLoadedEditorAssemblies (231ms)
			LogAssemblyErrors (0ms)
			InitializePlatformSupportModulesInManaged (17ms)
			SetLoadedEditorAssemblies (6ms)
			RefreshPlugins (0ms)
			BeforeProcessingInitializeOnLoad (3ms)
			ProcessInitializeOnLoadAttributes (153ms)
			ProcessInitializeOnLoadMethodAttributes (53ms)
			AfterProcessingInitializeOnLoad (0ms)
			EditorAssembliesLoaded (0ms)
		ExecutionOrderSort2 (0ms)
		AwakeInstancesAfterBackupRestoration (0ms)
========================================================================
Worker process is ready to serve import requests
Begin MonoManager ReloadAssembly
Symbol file LoadedFromMemory is not a mono symbol file
- Loaded All Assemblies, in  1.147 seconds
Refreshing native plugins compatible for Editor in 108.02 ms, found 2 plugins.
Native extension for WindowsStandalone target not found
Native extension for WebGL target not found
Package Manager log level set to [2]
[Package Manager] Server::EnsureServerProcessIsRunning -- launch failed, reason: Unity was launched with the -noUpm command-line argument
[Package Manager] UpmClient::Send -- Unable to send message (not connected to UPM process).
[Package Manager] Cannot connect to Unity Package Manager local server
Mono: successfully reloaded assembly
- Finished resetting the current domain, in  0.700 seconds
Domain Reload Profiling: 1839ms
	BeginReloadAssembly (181ms)
		ExecutionOrderSort (0ms)
		DisableScriptedObjects (8ms)
		BackupInstance (0ms)
		ReleaseScriptingObjects (0ms)
		CreateAndSetChildDomain (21ms)
	RebuildCommonClasses (42ms)
	RebuildNativeTypeToScriptingClass (11ms)
	initialDomainReloadingComplete (53ms)
	LoadAllAssembliesAndSetupDomain (852ms)
		LoadAssemblies (576ms)
		RebuildTransferFunctionScriptingTraits (0ms)
		AnalyzeDomain (388ms)
			TypeCache.Refresh (361ms)
				TypeCache.ScanAssembly (90ms)
			ScanForSourceGeneratedMonoScriptInfo (23ms)
			ResolveRequiredComponents (3ms)
	FinalizeReload (700ms)
		ReleaseScriptCaches (0ms)
		RebuildScriptCaches (0ms)
		SetupLoadedEditorAssemblies (540ms)
			LogAssemblyErrors (0ms)
			InitializePlatformSupportModulesInManaged (7ms)
			SetLoadedEditorAssemblies (5ms)
			RefreshPlugins (0ms)
			BeforeProcessingInitializeOnLoad (60ms)
			ProcessInitializeOnLoadAttributes (296ms)
			ProcessInitializeOnLoadMethodAttributes (165ms)
			AfterProcessingInitializeOnLoad (7ms)
			EditorAssembliesLoaded (0ms)
		ExecutionOrderSort2 (0ms)
		AwakeInstancesAfterBackupRestoration (8ms)
Launched and connected shader compiler UnityShaderCompiler.exe after 0.09 seconds
Refreshing native plugins compatible for Editor in 23.20 ms, found 2 plugins.
Preloading 0 native plugins for Editor in 0.00 ms.
Unloading 2557 Unused Serialized files (Serialized files now loaded: 0)
Unloading 84 unused Assets / (82.2 KB). Loaded Objects now: 2981.
Memory consumption went from 108.6 MB to 108.5 MB.
Total: 8.969300 ms (FindLiveObjects: 0.222000 ms CreateObjectMapping: 0.142800 ms MarkObjects: 8.390000 ms  DeleteObjects: 0.213100 ms)

AssetImportParameters requested are different than current active one (requested -> active):
  custom:scripting/monoscript/fileName/IEvent.cs: 8e91c3ef6ad132f8e817db8e2b96ac7e -> c25d501578d8ebe48d7b30415b0df4c5
  custom:video-decoder-webm-vp8: 9c59270c3fd7afecdb556c50c9e8de78 -> 
  custom:scripting/monoscript/fileName/ISavedGameMetadata.cs: 2ba930ee40b5c4b7beb3ec029b2bde53 -> 
  custom:SearchIndexIgnoredProperties: e643bd26f0fe6173181afceb89e7c659 -> 
  custom:scripting/monoscript/fileName/Logger.cs: 6c47204b9fd949d7c4c60eac633cb240 -> 
  custom:container-demuxer-ogg: 62fdf1f143b41e24485cea50d1cbac27 -> 
  custom:AudioImporter_EditorPlatform: d09bf68614088b80899f8185d706f6e7 -> 
  custom:scripting/monoscript/fileName/NearbyConnectionConfiguration.cs: 37b22c38ad06f22daaffc0fe47f0dd07 -> 
  custom:video-codec-MediaFoundation-h265: 746d11721c4dcdbdad8f713fa42b33f4 -> 
  custom:scripting/monoscript/fileName/GPGSStrings.cs: dd86a8ea956b4282a8ef6d6946ddceef -> 
  custom:scripting/monoscript/fileName/AdvertisingResult.cs: 8e2a212c467818e474379fef59969421 -> 
  custom:video-decoder-ogg-theora: a1e56fd34408186e4bbccfd4996cb3dc -> 
  custom:scripting/monoscript/fileName/GPGSDocsUI.cs: 705e49df51da94d0c953d8fe3e0f8001 -> 
  custom:scripting/monoscript/fileName/PluginVersion.cs: f2f7d8279b922a92d52d004c8b6724f5 -> 
  custom:scripting/monoscript/fileName/CommonTypes.cs: 60dc8a0e07d863d523b691764a3213ea -> 
  custom:scripting/monoscript/fileName/PlayGamesHelperObject.cs: c10c45392870dd1d957c11994e8b81f3 -> 
  custom:framework-win-MediaFoundation: 216162199b28c13a410421893ffa2e32 -> 
  custom:scripting/monoscript/fileName/ConnectionResponse.cs: 2ca105c2e2ecc02b07715437ed5818b5 -> 
  custom:scripting/monoscript/fileName/CaptureOverlayStateListener.cs: 8963a0d283c8ac78c6b1d7698d98777f -> 
  custom:scripting/monoscript/fileName/GPGSAndroidSetupUI.cs: c299773a5712855c9e004184cd15df09 -> 
  custom:video-encoder-webm-vp8: eb34c28f22e8b96e1ab97ce403110664 -> 
  custom:scripting/monoscript/fileName/EndpointDetails.cs: 2dcb55edadfd4c737fb9de806546f03d -> 
  custom:audio-decoder-ogg-vorbis: bf7c407c2cedff20999df2af8eb42d56 -> 
  custom:scripting/monoscript/fileName/Misc.cs: bf563e9872021dd194c6410c83405919 -> 7ed2e50827551a4e78c69f183dffa2c9
  custom:CustomObjectIndexerAttribute: 9a22284fe3817be447336de3de66b15e -> 
  custom:container-demuxer-webm: 4f35f7cbe854078d1ac9338744f61a02 -> 
  custom:scripting/monoscript/fileName/VideoCaptureState.cs: 95378a566a2d79db250c843eae350dfb -> 
  custom:scripting/monoscript/fileName/GPGSUtil.cs: 505ced7a05ca78c40c2fad1b53541560 -> 
  custom:scripting/monoscript/fileName/INearbyConnectionClient.cs: c189129d7062ed4f8748414f7ef22246 -> 
  custom:audio-encoder-webm-vorbis: bf7c407c2cedff20999df2af8eb42d56 -> 
  custom:scripting/monoscript/fileName/ConnectionRequest.cs: 3e19a3c7794e5ef65de7349c45a22c17 -> 
  custom:scripting/monoscript/fileName/IVideoClient.cs: e75247745889906fa81829d289e64e3b -> 
  custom:scripting/monoscript/fileName/SavedGameMetadataUpdate.cs: bc1e6a84bf3859de501fc0126ebbd2ae -> 
  custom:scripting/monoscript/fileName/GPGSProjectSettings.cs: f428214e4ec8abb7d5ea4bd8a06d1f8e -> 
  custom:scripting/monoscript/fileName/VideoCapabilities.cs: 9c624cbed443e8220c35d5da43eec58e -> 
  custom:container-muxer-webm: aa71ff27fc2769a1b78a27578f13a17b -> 
  custom:scripting/monoscript/fileName/ISavedGameClient.cs: d608dd17c2cf0d77e53d24bf3e80b961 -> 
========================================================================
Received Import Request.
  Time since last request: 127170.634393 seconds.
  path: Assets/03. Asset/Flat icoon n UI/icon 1024/star_1024_01.png
  artifactKey: Guid(5db7adf47baeadb449c412f7f44a9bef) Importer(2089858483,0ecaa5967403d082aa24f35e1b516d23)
Start importing Assets/03. Asset/Flat icoon n UI/icon 1024/star_1024_01.png using Guid(5db7adf47baeadb449c412f7f44a9bef) Importer(2089858483,0ecaa5967403d082aa24f35e1b516d23) [PhysX] Initialized MultithreadedTaskDispatcher with 20 workers.
 -> (artifact id: '96c3a2aa5660546ceb1d617fcb9e78ab') in 0.178176 seconds
Number of updated asset objects reloaded before import = 0
Number of asset objects unloaded after import = 3
========================================================================
Received Import Request.
  Time since last request: 0.000030 seconds.
  path: Assets/03. Asset/Flat icoon n UI/icon 512/icon_512_4_01.png
  artifactKey: Guid(f3ea0abb36d6222498f1a1f2b7ecdec7) Importer(2089858483,0ecaa5967403d082aa24f35e1b516d23)
Start importing Assets/03. Asset/Flat icoon n UI/icon 512/icon_512_4_01.png using Guid(f3ea0abb36d6222498f1a1f2b7ecdec7) Importer(2089858483,0ecaa5967403d082aa24f35e1b516d23) [PhysX] Initialized MultithreadedTaskDispatcher with 20 workers.
 -> (artifact id: 'f9cc94ae1b793a15a03aa80d0f9ce7e3') in 0.031747 seconds
Number of updated asset objects reloaded before import = 0
Number of asset objects unloaded after import = 3
========================================================================
Received Import Request.
  Time since last request: 0.000016 seconds.
  path: Assets/03. Asset/Flat icoon n UI/icon 512/icon_512_2_11.png
  artifactKey: Guid(56c186e12421f6d40a3e4ce271bdb070) Importer(2089858483,0ecaa5967403d082aa24f35e1b516d23)
Start importing Assets/03. Asset/Flat icoon n UI/icon 512/icon_512_2_11.png using Guid(56c186e12421f6d40a3e4ce271bdb070) Importer(2089858483,0ecaa5967403d082aa24f35e1b516d23) [PhysX] Initialized MultithreadedTaskDispatcher with 20 workers.
 -> (artifact id: '703f82ac29332258a8770dc11c14306e') in 0.025317 seconds
Number of updated asset objects reloaded before import = 0
Number of asset objects unloaded after import = 3
========================================================================
Received Import Request.
  Time since last request: 0.000017 seconds.
  path: Assets/03. Asset/Flat icoon n UI/icon 512/icon_512_4_05.png
  artifactKey: Guid(d56185a12507e244ea1b632035026956) Importer(2089858483,0ecaa5967403d082aa24f35e1b516d23)
Start importing Assets/03. Asset/Flat icoon n UI/icon 512/icon_512_4_05.png using Guid(d56185a12507e244ea1b632035026956) Importer(2089858483,0ecaa5967403d082aa24f35e1b516d23) [PhysX] Initialized MultithreadedTaskDispatcher with 20 workers.
 -> (artifact id: 'b2f5000a5a0ed7c9db0cdbdfdd90bb8a') in 0.025154 seconds
Number of updated asset objects reloaded before import = 0
Number of asset objects unloaded after import = 3
========================================================================
Received Import Request.
  Time since last request: 0.000018 seconds.
  path: Assets/03. Asset/Flat icoon n UI/icon 512/icon_512_1_10.png
  artifactKey: Guid(704b2a5a53eda8143abbdfff06ac9f8e) Importer(2089858483,0ecaa5967403d082aa24f35e1b516d23)
Start importing Assets/03. Asset/Flat icoon n UI/icon 512/icon_512_1_10.png using Guid(704b2a5a53eda8143abbdfff06ac9f8e) Importer(2089858483,0ecaa5967403d082aa24f35e1b516d23) [PhysX] Initialized MultithreadedTaskDispatcher with 20 workers.
 -> (artifact id: '61e876b9f1f47f7373199697a749d7c4') in 0.021676 seconds
Number of updated asset objects reloaded before import = 0
Number of asset objects unloaded after import = 3
========================================================================
Received Import Request.
  Time since last request: 0.000026 seconds.
  path: Assets/03. Asset/Flat icoon n UI/icon 512/icon_512_1_06.png
  artifactKey: Guid(be15ae1cc6646654daed9bae554fb81b) Importer(2089858483,0ecaa5967403d082aa24f35e1b516d23)
Start importing Assets/03. Asset/Flat icoon n UI/icon 512/icon_512_1_06.png using Guid(be15ae1cc6646654daed9bae554fb81b) Importer(2089858483,0ecaa5967403d082aa24f35e1b516d23) [PhysX] Initialized MultithreadedTaskDispatcher with 20 workers.
 -> (artifact id: 'a355e7854cff5183d35629f203b4df4e') in 0.023830 seconds
Number of updated asset objects reloaded before import = 0
Number of asset objects unloaded after import = 3
========================================================================
Received Import Request.
  Time since last request: 0.000017 seconds.
  path: Assets/03. Asset/Flat icoon n UI/icon 1024/icon_1024_2_09.png
  artifactKey: Guid(8b73fe5cd401e3642ba0eb51eec04501) Importer(2089858483,0ecaa5967403d082aa24f35e1b516d23)
Start importing Assets/03. Asset/Flat icoon n UI/icon 1024/icon_1024_2_09.png using Guid(8b73fe5cd401e3642ba0eb51eec04501) Importer(2089858483,0ecaa5967403d082aa24f35e1b516d23) [PhysX] Initialized MultithreadedTaskDispatcher with 20 workers.
 -> (artifact id: 'b263816f3b996add9809a0fc1c1fd4c6') in 0.028890 seconds
Number of updated asset objects reloaded before import = 0
Number of asset objects unloaded after import = 3
========================================================================
Received Import Request.
  Time since last request: 0.000025 seconds.
  path: Assets/03. Asset/Flat icoon n UI/icon 1024/icon_1024_5_12.png
  artifactKey: Guid(63df88e5e2faa494f8bf4c47136fb97a) Importer(2089858483,0ecaa5967403d082aa24f35e1b516d23)
Start importing Assets/03. Asset/Flat icoon n UI/icon 1024/icon_1024_5_12.png using Guid(63df88e5e2faa494f8bf4c47136fb97a) Importer(2089858483,0ecaa5967403d082aa24f35e1b516d23) [PhysX] Initialized MultithreadedTaskDispatcher with 20 workers.
 -> (artifact id: '82759001e6c492205b13dc3805add138') in 0.027668 seconds
Number of updated asset objects reloaded before import = 0
Number of asset objects unloaded after import = 3
========================================================================
Received Import Request.
  Time since last request: 0.000016 seconds.
  path: Assets/03. Asset/Flat icoon n UI/icon 1024/icon_1024_5_03.png
  artifactKey: Guid(ae4317854f1f08e46b9f2e8c19265a0f) Importer(2089858483,0ecaa5967403d082aa24f35e1b516d23)
Start importing Assets/03. Asset/Flat icoon n UI/icon 1024/icon_1024_5_03.png using Guid(ae4317854f1f08e46b9f2e8c19265a0f) Importer(2089858483,0ecaa5967403d082aa24f35e1b516d23) [PhysX] Initialized MultithreadedTaskDispatcher with 20 workers.
 -> (artifact id: '88bf2c8c9b64f4f14fa64ba4c9a6133f') in 0.024100 seconds
Number of updated asset objects reloaded before import = 0
Number of asset objects unloaded after import = 3
========================================================================
Received Import Request.
  Time since last request: 0.000108 seconds.
  path: Assets/03. Asset/Flat icoon n UI/icon 1024/icon_1024_3_03.png
  artifactKey: Guid(968fb6865d6d4cd41bd1924e0355a53f) Importer(2089858483,0ecaa5967403d082aa24f35e1b516d23)
Start importing Assets/03. Asset/Flat icoon n UI/icon 1024/icon_1024_3_03.png using Guid(968fb6865d6d4cd41bd1924e0355a53f) Importer(2089858483,0ecaa5967403d082aa24f35e1b516d23) [PhysX] Initialized MultithreadedTaskDispatcher with 20 workers.
 -> (artifact id: '1fa7497283ea2102b6fc194d5441d628') in 0.024443 seconds
Number of updated asset objects reloaded before import = 0
Number of asset objects unloaded after import = 3
========================================================================
Received Import Request.
  Time since last request: 0.000024 seconds.
  path: Assets/Particle Systems/Portal/Beam.png
  artifactKey: Guid(6763a9b3de09ab14dbdb43f066f4b66a) Importer(2089858483,0ecaa5967403d082aa24f35e1b516d23)
Start importing Assets/Particle Systems/Portal/Beam.png using Guid(6763a9b3de09ab14dbdb43f066f4b66a) Importer(2089858483,0ecaa5967403d082aa24f35e1b516d23) [PhysX] Initialized MultithreadedTaskDispatcher with 20 workers.
 -> (artifact id: 'f42ac7c90ae497f3cb051e6bd6005166') in 0.036653 seconds
Number of updated asset objects reloaded before import = 0
Number of asset objects unloaded after import = 1
========================================================================
Received Import Request.
  Time since last request: 0.000019 seconds.
  path: Assets/Plugins/Android/com.google.android.gms.play-services-basement-16.0.1.aar
  artifactKey: Guid(aacc4b4e0798ef2418bccb14f6b6b75c) Importer(2089858483,0ecaa5967403d082aa24f35e1b516d23)
Start importing Assets/Plugins/Android/com.google.android.gms.play-services-basement-16.0.1.aar using Guid(aacc4b4e0798ef2418bccb14f6b6b75c) Importer(2089858483,0ecaa5967403d082aa24f35e1b516d23) [PhysX] Initialized MultithreadedTaskDispatcher with 20 workers.
 -> (artifact id: '4bc167b9adeb8a39be9fc1909b12c7e2') in 0.018686 seconds
Number of updated asset objects reloaded before import = 0
Number of asset objects unloaded after import = 1
========================================================================
Received Import Request.
  Time since last request: 0.000033 seconds.
  path: Assets/03. Asset/Flat icoon n UI/icon_90_1_05.png
  artifactKey: Guid(bde2410848e8cbd4cba1971804ba166f) Importer(2089858483,0ecaa5967403d082aa24f35e1b516d23)
Start importing Assets/03. Asset/Flat icoon n UI/icon_90_1_05.png using Guid(bde2410848e8cbd4cba1971804ba166f) Importer(2089858483,0ecaa5967403d082aa24f35e1b516d23) [PhysX] Initialized MultithreadedTaskDispatcher with 20 workers.
 -> (artifact id: '168d0ed140b600a6d1c83812cd407848') in 0.025706 seconds
Number of updated asset objects reloaded before import = 0
Number of asset objects unloaded after import = 3
========================================================================
Received Import Request.
  Time since last request: 0.000022 seconds.
  path: Assets/03. Asset/Flat icoon n UI/best_01.png
  artifactKey: Guid(fd28f2f1442c5ec4dbba5d9a9cbeccb2) Importer(2089858483,0ecaa5967403d082aa24f35e1b516d23)
Start importing Assets/03. Asset/Flat icoon n UI/best_01.png using Guid(fd28f2f1442c5ec4dbba5d9a9cbeccb2) Importer(2089858483,0ecaa5967403d082aa24f35e1b516d23) [PhysX] Initialized MultithreadedTaskDispatcher with 20 workers.
 -> (artifact id: 'b87d49c454294b7e3c28577eec255fd6') in 0.025396 seconds
Number of updated asset objects reloaded before import = 0
Number of asset objects unloaded after import = 3
========================================================================
Received Import Request.
  Time since last request: 0.000021 seconds.
  path: Assets/Scripts/Animations.cs
  artifactKey: Guid(68bd6cc961c81794b827c224eedbe42c) Importer(2089858483,0ecaa5967403d082aa24f35e1b516d23)
Start importing Assets/Scripts/Animations.cs using Guid(68bd6cc961c81794b827c224eedbe42c) Importer(2089858483,0ecaa5967403d082aa24f35e1b516d23) [PhysX] Initialized MultithreadedTaskDispatcher with 20 workers.
 -> (artifact id: '561406e8dc01a96746fd80a8f53128cf') in 0.015491 seconds
Number of updated asset objects reloaded before import = 0
Number of asset objects unloaded after import = 1
========================================================================
Received Import Request.
  Time since last request: 0.000018 seconds.
  path: Assets/CasualGameSounds/DM-CGS-10.wav
  artifactKey: Guid(cabfae866cab347928b74b7d0ca6bfa9) Importer(2089858483,0ecaa5967403d082aa24f35e1b516d23)
Start importing Assets/CasualGameSounds/DM-CGS-10.wav using Guid(cabfae866cab347928b74b7d0ca6bfa9) Importer(2089858483,0ecaa5967403d082aa24f35e1b516d23) [PhysX] Initialized MultithreadedTaskDispatcher with 20 workers.
 -> (artifact id: '502b16a9c1d9696e9f63ed7378772d42') in 0.048379 seconds
Number of updated asset objects reloaded before import = 0
Number of asset objects unloaded after import = 1
========================================================================
Received Import Request.
  Time since last request: 0.000025 seconds.
  path: Assets/03. Asset/Flat icoon n UI/icon 512/icon_512_5_01.png
  artifactKey: Guid(86ca61595fc1e4447a1d82bdc223e4e7) Importer(2089858483,0ecaa5967403d082aa24f35e1b516d23)
Start importing Assets/03. Asset/Flat icoon n UI/icon 512/icon_512_5_01.png using Guid(86ca61595fc1e4447a1d82bdc223e4e7) Importer(2089858483,0ecaa5967403d082aa24f35e1b516d23) [PhysX] Initialized MultithreadedTaskDispatcher with 20 workers.
 -> (artifact id: 'f27d957abb2316401e72341fccf10749') in 0.024535 seconds
Number of updated asset objects reloaded before import = 0
Number of asset objects unloaded after import = 3
========================================================================
Received Import Request.
  Time since last request: 0.000017 seconds.
  path: Assets/03. Asset/Flat icoon n UI/icon_100_01.png
  artifactKey: Guid(98ded06308c5b3a48b33be4ada0a1110) Importer(2089858483,0ecaa5967403d082aa24f35e1b516d23)
Start importing Assets/03. Asset/Flat icoon n UI/icon_100_01.png using Guid(98ded06308c5b3a48b33be4ada0a1110) Importer(2089858483,0ecaa5967403d082aa24f35e1b516d23) [PhysX] Initialized MultithreadedTaskDispatcher with 20 workers.
 -> (artifact id: 'bb59064eb4bd73a5542d01624442aebe') in 0.024031 seconds
Number of updated asset objects reloaded before import = 0
Number of asset objects unloaded after import = 3
========================================================================
Received Import Request.
  Time since last request: 0.000028 seconds.
  path: Assets/Scripts/UISettingsMenu.cs
  artifactKey: Guid(0f630a774a0a01e4ab6113bfa4adffb9) Importer(2089858483,0ecaa5967403d082aa24f35e1b516d23)
Start importing Assets/Scripts/UISettingsMenu.cs using Guid(0f630a774a0a01e4ab6113bfa4adffb9) Importer(2089858483,0ecaa5967403d082aa24f35e1b516d23) [PhysX] Initialized MultithreadedTaskDispatcher with 20 workers.
 -> (artifact id: 'fbdb6c5d5f2e7af0bd418813c846e5bb') in 0.015262 seconds
Number of updated asset objects reloaded before import = 0
Number of asset objects unloaded after import = 1
========================================================================
Received Import Request.
  Time since last request: 0.000023 seconds.
  path: Assets/ADG_Textures/walls_vol1/wall05/wall05_Metallic.tga
  artifactKey: Guid(09d226f9331055247b9b9acec98c47d6) Importer(2089858483,0ecaa5967403d082aa24f35e1b516d23)
Start importing Assets/ADG_Textures/walls_vol1/wall05/wall05_Metallic.tga using Guid(09d226f9331055247b9b9acec98c47d6) Importer(2089858483,0ecaa5967403d082aa24f35e1b516d23) [PhysX] Initialized MultithreadedTaskDispatcher with 20 workers.
 -> (artifact id: '2d84fe1ec339e3af95fa1b3147100b1f') in 0.027678 seconds
Number of updated asset objects reloaded before import = 0
Number of asset objects unloaded after import = 1
========================================================================
Received Import Request.
  Time since last request: 0.000017 seconds.
  path: Assets/ADG_Textures/walls_vol1/wall06/wall06_Ambient_Occlusion.tga
  artifactKey: Guid(019b275ff985e31489b8986c8e66410a) Importer(2089858483,0ecaa5967403d082aa24f35e1b516d23)
Start importing Assets/ADG_Textures/walls_vol1/wall06/wall06_Ambient_Occlusion.tga using Guid(019b275ff985e31489b8986c8e66410a) Importer(2089858483,0ecaa5967403d082aa24f35e1b516d23) [PhysX] Initialized MultithreadedTaskDispatcher with 20 workers.
 -> (artifact id: '20f8b420e9dbd9c173b7038242b1cec4') in 0.024740 seconds
Number of updated asset objects reloaded before import = 0
Number of asset objects unloaded after import = 1
========================================================================
Received Import Request.
  Time since last request: 0.000018 seconds.
  path: Assets/ADG_Textures/walls_vol1/wall07/wall07_Metallic.tga
  artifactKey: Guid(44e59270a764f0b47b41d1582ef3b8ef) Importer(2089858483,0ecaa5967403d082aa24f35e1b516d23)
Start importing Assets/ADG_Textures/walls_vol1/wall07/wall07_Metallic.tga using Guid(44e59270a764f0b47b41d1582ef3b8ef) Importer(2089858483,0ecaa5967403d082aa24f35e1b516d23) [PhysX] Initialized MultithreadedTaskDispatcher with 20 workers.
 -> (artifact id: '1bdf1701a7353efda5928b2c119c4cea') in 0.022106 seconds
Number of updated asset objects reloaded before import = 0
Number of asset objects unloaded after import = 1
========================================================================
Received Import Request.
  Time since last request: 0.000109 seconds.
  path: Assets/03. Asset/Flat icoon n UI/icon 512/icon_512_5_12.png
  artifactKey: Guid(4a1f1a1a7d785534e84f9020b40bb034) Importer(2089858483,0ecaa5967403d082aa24f35e1b516d23)
Start importing Assets/03. Asset/Flat icoon n UI/icon 512/icon_512_5_12.png using Guid(4a1f1a1a7d785534e84f9020b40bb034) Importer(2089858483,0ecaa5967403d082aa24f35e1b516d23) [PhysX] Initialized MultithreadedTaskDispatcher with 20 workers.
 -> (artifact id: 'afc2a6bd4947a29949cb19bdd88928bd') in 0.022755 seconds
Number of updated asset objects reloaded before import = 0
Number of asset objects unloaded after import = 3
========================================================================
Received Import Request.
  Time since last request: 0.000017 seconds.
  path: Assets/03. Asset/Flat icoon n UI/icon 512/icon_512_5_10.png
  artifactKey: Guid(851ab97e297d43c4a84ea3da17296da7) Importer(2089858483,0ecaa5967403d082aa24f35e1b516d23)
Start importing Assets/03. Asset/Flat icoon n UI/icon 512/icon_512_5_10.png using Guid(851ab97e297d43c4a84ea3da17296da7) Importer(2089858483,0ecaa5967403d082aa24f35e1b516d23) [PhysX] Initialized MultithreadedTaskDispatcher with 20 workers.
 -> (artifact id: '2eeb23b9d1deb85c1f560603b224062a') in 0.023589 seconds
Number of updated asset objects reloaded before import = 0
Number of asset objects unloaded after import = 3
========================================================================
Received Import Request.
  Time since last request: 0.000018 seconds.
  path: Assets/03. Asset/Flat icoon n UI/icon 512/next_512.png
  artifactKey: Guid(72efb55ab91938141a7b9f4957c6ae0b) Importer(2089858483,0ecaa5967403d082aa24f35e1b516d23)
Start importing Assets/03. Asset/Flat icoon n UI/icon 512/next_512.png using Guid(72efb55ab91938141a7b9f4957c6ae0b) Importer(2089858483,0ecaa5967403d082aa24f35e1b516d23) [PhysX] Initialized MultithreadedTaskDispatcher with 20 workers.
 -> (artifact id: '9414567bf7e776fa0c9597354d89ddee') in 0.023034 seconds
Number of updated asset objects reloaded before import = 0
Number of asset objects unloaded after import = 3
========================================================================
Received Import Request.
  Time since last request: 0.000017 seconds.
  path: Assets/ADG_Textures/walls_vol1/wall01/wall01_Metallic.tga
  artifactKey: Guid(fa49c1e9476a76541b604e2c0bb13a89) Importer(2089858483,0ecaa5967403d082aa24f35e1b516d23)
Start importing Assets/ADG_Textures/walls_vol1/wall01/wall01_Metallic.tga using Guid(fa49c1e9476a76541b604e2c0bb13a89) Importer(2089858483,0ecaa5967403d082aa24f35e1b516d23) [PhysX] Initialized MultithreadedTaskDispatcher with 20 workers.
 -> (artifact id: '32937310dd9b21025a2f49bc348618b3') in 0.023696 seconds
Number of updated asset objects reloaded before import = 0
Number of asset objects unloaded after import = 1
========================================================================
Received Import Request.
  Time since last request: 0.000100 seconds.
  path: Assets/ADG_Textures/walls_vol1/wall08/wall08_Diffuse.tga
  artifactKey: Guid(7aa8e2c9188711148ae6b9cb08af4758) Importer(2089858483,0ecaa5967403d082aa24f35e1b516d23)
Start importing Assets/ADG_Textures/walls_vol1/wall08/wall08_Diffuse.tga using Guid(7aa8e2c9188711148ae6b9cb08af4758) Importer(2089858483,0ecaa5967403d082aa24f35e1b516d23) [PhysX] Initialized MultithreadedTaskDispatcher with 20 workers.
 -> (artifact id: '98a715916f7196113dc48319bc5c8723') in 0.029385 seconds
Number of updated asset objects reloaded before import = 0
Number of asset objects unloaded after import = 1
========================================================================
Received Import Request.
  Time since last request: 0.000116 seconds.
  path: Assets/ADG_Textures/walls_vol1/wall08/wall08_Metallic.tga
  artifactKey: Guid(46f857db96e668943bab4c5378594adc) Importer(2089858483,0ecaa5967403d082aa24f35e1b516d23)
Start importing Assets/ADG_Textures/walls_vol1/wall08/wall08_Metallic.tga using Guid(46f857db96e668943bab4c5378594adc) Importer(2089858483,0ecaa5967403d082aa24f35e1b516d23) [PhysX] Initialized MultithreadedTaskDispatcher with 20 workers.
 -> (artifact id: 'dddb775a0a05faf1fa72c439ebf3f106') in 0.023414 seconds
Number of updated asset objects reloaded before import = 0
Number of asset objects unloaded after import = 1
========================================================================
Received Import Request.
  Time since last request: 0.000022 seconds.
  path: Assets/ADG_Textures/walls_vol1/wall06/wall06_Height.tga
  artifactKey: Guid(afbffe207c38c8c41bcc78f428eb38f6) Importer(2089858483,0ecaa5967403d082aa24f35e1b516d23)
Start importing Assets/ADG_Textures/walls_vol1/wall06/wall06_Height.tga using Guid(afbffe207c38c8c41bcc78f428eb38f6) Importer(2089858483,0ecaa5967403d082aa24f35e1b516d23) [PhysX] Initialized MultithreadedTaskDispatcher with 20 workers.
 -> (artifact id: 'ced5f5653ffd1e9de32cad9e6fe6f2ec') in 0.022244 seconds
Number of updated asset objects reloaded before import = 0
Number of asset objects unloaded after import = 1
========================================================================
Received Import Request.
  Time since last request: 0.000040 seconds.
  path: Assets/ADG_Textures/walls_vol1/wall04/wall04_Diffuse.tga
  artifactKey: Guid(2a681bf3b6783434db82bcad6167594b) Importer(2089858483,0ecaa5967403d082aa24f35e1b516d23)
Start importing Assets/ADG_Textures/walls_vol1/wall04/wall04_Diffuse.tga using Guid(2a681bf3b6783434db82bcad6167594b) Importer(2089858483,0ecaa5967403d082aa24f35e1b516d23) [PhysX] Initialized MultithreadedTaskDispatcher with 20 workers.
 -> (artifact id: '4a7272611b4d3b27bf8ed41a89c32720') in 0.023375 seconds
Number of updated asset objects reloaded before import = 0
Number of asset objects unloaded after import = 1
========================================================================
Received Import Request.
  Time since last request: 0.000017 seconds.
  path: Assets/ADG_Textures/walls_vol1/wall01/wall01b.mat
  artifactKey: Guid(037c10e8a9c9c5e47a726216732d17d8) Importer(2089858483,0ecaa5967403d082aa24f35e1b516d23)
Start importing Assets/ADG_Textures/walls_vol1/wall01/wall01b.mat using Guid(037c10e8a9c9c5e47a726216732d17d8) Importer(2089858483,0ecaa5967403d082aa24f35e1b516d23) [PhysX] Initialized MultithreadedTaskDispatcher with 20 workers.
 -> (artifact id: 'ab96a04eedb5f2c29cb8c642d4b1d412') in 0.063286 seconds
Number of updated asset objects reloaded before import = 0
Number of asset objects unloaded after import = 5
========================================================================
Received Import Request.
  Time since last request: 0.000024 seconds.
  path: Assets/03. Asset/Flat icoon n UI/icon 512/icon_512_5_06.png
  artifactKey: Guid(119ce5884ae428c4b8abb3cb526eb369) Importer(2089858483,0ecaa5967403d082aa24f35e1b516d23)
Start importing Assets/03. Asset/Flat icoon n UI/icon 512/icon_512_5_06.png using Guid(119ce5884ae428c4b8abb3cb526eb369) Importer(2089858483,0ecaa5967403d082aa24f35e1b516d23) [PhysX] Initialized MultithreadedTaskDispatcher with 20 workers.
 -> (artifact id: '6df8265676f0330407ff2ac2926cca56') in 0.026003 seconds
Number of updated asset objects reloaded before import = 0
Number of asset objects unloaded after import = 3
========================================================================
Received Import Request.
  Time since last request: 0.000017 seconds.
  path: Assets/ADG_Textures/walls_vol1/wall08/wall08_Normal.tga
  artifactKey: Guid(852461bbc3b35014c8b2f8749d42a463) Importer(2089858483,0ecaa5967403d082aa24f35e1b516d23)
Start importing Assets/ADG_Textures/walls_vol1/wall08/wall08_Normal.tga using Guid(852461bbc3b35014c8b2f8749d42a463) Importer(2089858483,0ecaa5967403d082aa24f35e1b516d23) [PhysX] Initialized MultithreadedTaskDispatcher with 20 workers.
 -> (artifact id: 'f9bf163f342b2b784c82a41461fbf86d') in 0.022890 seconds
Number of updated asset objects reloaded before import = 0
Number of asset objects unloaded after import = 1
========================================================================
Received Import Request.
  Time since last request: 0.000024 seconds.
  path: Assets/ADG_Textures/walls_vol1/wall10/wall10b.mat
  artifactKey: Guid(8f3025aad64a437429f723e6fc4f95da) Importer(2089858483,0ecaa5967403d082aa24f35e1b516d23)
Start importing Assets/ADG_Textures/walls_vol1/wall10/wall10b.mat using Guid(8f3025aad64a437429f723e6fc4f95da) Importer(2089858483,0ecaa5967403d082aa24f35e1b516d23) [PhysX] Initialized MultithreadedTaskDispatcher with 20 workers.
 -> (artifact id: '8f1bb5a3d23a07cfb1b8765883d68f4f') in 0.019667 seconds
Number of updated asset objects reloaded before import = 0
Number of asset objects unloaded after import = 5
========================================================================
Received Import Request.
  Time since last request: 0.000025 seconds.
  path: Assets/ADG_Textures/walls_vol1/wall08/wall08.mat
  artifactKey: Guid(48957feba398b3146bb5b1493df5403e) Importer(2089858483,0ecaa5967403d082aa24f35e1b516d23)
Start importing Assets/ADG_Textures/walls_vol1/wall08/wall08.mat using Guid(48957feba398b3146bb5b1493df5403e) Importer(2089858483,0ecaa5967403d082aa24f35e1b516d23) [PhysX] Initialized MultithreadedTaskDispatcher with 20 workers.
 -> (artifact id: '9951d4dae47436365d48c8693ba2546f') in 0.020004 seconds
Number of updated asset objects reloaded before import = 0
Number of asset objects unloaded after import = 4
========================================================================
Received Import Request.
  Time since last request: 0.000022 seconds.
  path: Assets/ADG_Textures/walls_vol1/wall11/wall11b.mat
  artifactKey: Guid(b2394c0eb4527fe489f9cf53d290baeb) Importer(2089858483,0ecaa5967403d082aa24f35e1b516d23)
Start importing Assets/ADG_Textures/walls_vol1/wall11/wall11b.mat using Guid(b2394c0eb4527fe489f9cf53d290baeb) Importer(2089858483,0ecaa5967403d082aa24f35e1b516d23) [PhysX] Initialized MultithreadedTaskDispatcher with 20 workers.
 -> (artifact id: 'aeeb3dff7c916d962b1648982458cd2e') in 0.032258 seconds
Number of updated asset objects reloaded before import = 0
Number of asset objects unloaded after import = 5
========================================================================
Received Import Request.
  Time since last request: 0.000024 seconds.
  path: Assets/ADG_Textures/walls_vol1/wall05/wall05.mat
  artifactKey: Guid(baf8ceb37ffecbd42a924d001e01127c) Importer(2089858483,0ecaa5967403d082aa24f35e1b516d23)
Start importing Assets/ADG_Textures/walls_vol1/wall05/wall05.mat using Guid(baf8ceb37ffecbd42a924d001e01127c) Importer(2089858483,0ecaa5967403d082aa24f35e1b516d23) [PhysX] Initialized MultithreadedTaskDispatcher with 20 workers.
 -> (artifact id: '9cc64e3773785d701c1fea7e0db11a6d') in 0.019267 seconds
Number of updated asset objects reloaded before import = 0
Number of asset objects unloaded after import = 4
========================================================================
Received Import Request.
  Time since last request: 0.041671 seconds.
  path: Assets/ADG_Textures/walls_vol1/wall11/wall11_Height.tga
  artifactKey: Guid(c64ca4007624b314c9348418f43c46c6) Importer(2089858483,0ecaa5967403d082aa24f35e1b516d23)
Start importing Assets/ADG_Textures/walls_vol1/wall11/wall11_Height.tga using Guid(c64ca4007624b314c9348418f43c46c6) Importer(2089858483,0ecaa5967403d082aa24f35e1b516d23) [PhysX] Initialized MultithreadedTaskDispatcher with 20 workers.
 -> (artifact id: '6872d605e3ed6a7178e27dd7edb8d173') in 0.020937 seconds
Number of updated asset objects reloaded before import = 0
Number of asset objects unloaded after import = 1
========================================================================
Received Import Request.
  Time since last request: 0.000055 seconds.
  path: Assets/Joystick Pack/Sprites/Vertical Backgrounds/Vertical_Plain_Arrows.png
  artifactKey: Guid(3bf6d9f920f7458448a390f80318ebe6) Importer(2089858483,0ecaa5967403d082aa24f35e1b516d23)
Start importing Assets/Joystick Pack/Sprites/Vertical Backgrounds/Vertical_Plain_Arrows.png using Guid(3bf6d9f920f7458448a390f80318ebe6) Importer(2089858483,0ecaa5967403d082aa24f35e1b516d23) [PhysX] Initialized MultithreadedTaskDispatcher with 20 workers.
 -> (artifact id: '657d5ced0a933c12c3158f31a72b506e') in 0.032556 seconds
Number of updated asset objects reloaded before import = 0
Number of asset objects unloaded after import = 3
========================================================================
Received Import Request.
  Time since last request: 0.000029 seconds.
  path: Assets/ADG_Textures/walls_vol1/wall18/wall18_Normal.tga
  artifactKey: Guid(0e6dab779e6f7ce43a6d4482bebd82c5) Importer(2089858483,0ecaa5967403d082aa24f35e1b516d23)
Start importing Assets/ADG_Textures/walls_vol1/wall18/wall18_Normal.tga using Guid(0e6dab779e6f7ce43a6d4482bebd82c5) Importer(2089858483,0ecaa5967403d082aa24f35e1b516d23) [PhysX] Initialized MultithreadedTaskDispatcher with 20 workers.
 -> (artifact id: '7466f44f13eccdc13db762334273a45f') in 0.033901 seconds
Number of updated asset objects reloaded before import = 0
Number of asset objects unloaded after import = 1
========================================================================
Received Import Request.
  Time since last request: 0.000041 seconds.
  path: Assets/Joystick Pack/Sprites/All Axis Backgrounds/AllAxis_Ridged_Arrows.png
  artifactKey: Guid(4cbc879550e5e374a925e2e0a84d6f3c) Importer(2089858483,0ecaa5967403d082aa24f35e1b516d23)
Start importing Assets/Joystick Pack/Sprites/All Axis Backgrounds/AllAxis_Ridged_Arrows.png using Guid(4cbc879550e5e374a925e2e0a84d6f3c) Importer(2089858483,0ecaa5967403d082aa24f35e1b516d23) [PhysX] Initialized MultithreadedTaskDispatcher with 20 workers.
 -> (artifact id: 'bba70f017eb550c144c86dcd9e0c5f9b') in 0.028198 seconds
Number of updated asset objects reloaded before import = 0
Number of asset objects unloaded after import = 3
========================================================================
Received Import Request.
  Time since last request: 0.005111 seconds.
  path: Assets/ADG_Textures/walls_vol1/wall16/wall16_Normal.tga
  artifactKey: Guid(e0f731f0ace425148bd721476cdf133a) Importer(2089858483,0ecaa5967403d082aa24f35e1b516d23)
Start importing Assets/ADG_Textures/walls_vol1/wall16/wall16_Normal.tga using Guid(e0f731f0ace425148bd721476cdf133a) Importer(2089858483,0ecaa5967403d082aa24f35e1b516d23) [PhysX] Initialized MultithreadedTaskDispatcher with 20 workers.
 -> (artifact id: '13ab8728de9df96e601e4779dfb5bd00') in 0.031223 seconds
Number of updated asset objects reloaded before import = 0
Number of asset objects unloaded after import = 1
========================================================================
Received Import Request.
  Time since last request: 0.000019 seconds.
  path: Assets/Joystick Pack/Sprites/Vertical Backgrounds/Vertical_Outline_Arrows.png
  artifactKey: Guid(c615706690ca87043ad593475e6db7ec) Importer(2089858483,0ecaa5967403d082aa24f35e1b516d23)
Start importing Assets/Joystick Pack/Sprites/Vertical Backgrounds/Vertical_Outline_Arrows.png using Guid(c615706690ca87043ad593475e6db7ec) Importer(2089858483,0ecaa5967403d082aa24f35e1b516d23) [PhysX] Initialized MultithreadedTaskDispatcher with 20 workers.
 -> (artifact id: '7d90c63953bccf38f0b32fd5a2ad606c') in 0.031626 seconds
Number of updated asset objects reloaded before import = 0
Number of asset objects unloaded after import = 3
========================================================================
Received Import Request.
  Time since last request: 0.000036 seconds.
  path: Assets/Joystick Pack/Scripts/Editor/JoystickEditor.cs
  artifactKey: Guid(d4b2b0d911a01a64ebfca9918e2b90b4) Importer(2089858483,0ecaa5967403d082aa24f35e1b516d23)
Start importing Assets/Joystick Pack/Scripts/Editor/JoystickEditor.cs using Guid(d4b2b0d911a01a64ebfca9918e2b90b4) Importer(2089858483,0ecaa5967403d082aa24f35e1b516d23) [PhysX] Initialized MultithreadedTaskDispatcher with 20 workers.
 -> (artifact id: '7b0fafb35b3000558fd015752caa2bc3') in 0.015207 seconds
Number of updated asset objects reloaded before import = 0
Number of asset objects unloaded after import = 1
========================================================================
Received Import Request.
  Time since last request: 0.000026 seconds.
  path: Assets/ADG_Textures/walls_vol1/wall18/wall18_Height.tga
  artifactKey: Guid(217f1a5c57436be4db7d10a66561b304) Importer(2089858483,0ecaa5967403d082aa24f35e1b516d23)
Start importing Assets/ADG_Textures/walls_vol1/wall18/wall18_Height.tga using Guid(217f1a5c57436be4db7d10a66561b304) Importer(2089858483,0ecaa5967403d082aa24f35e1b516d23) [PhysX] Initialized MultithreadedTaskDispatcher with 20 workers.
 -> (artifact id: '0571d33cbf268d79a4307cf3f76e5b10') in 0.025013 seconds
Number of updated asset objects reloaded before import = 0
Number of asset objects unloaded after import = 1
========================================================================
Received Import Request.
  Time since last request: 0.000096 seconds.
  path: Assets/ADG_Textures/walls_vol1/wall15/wall15_Metallic.tga
  artifactKey: Guid(bf806fc6dbd97274bb65e8f45bbffc57) Importer(2089858483,0ecaa5967403d082aa24f35e1b516d23)
Start importing Assets/ADG_Textures/walls_vol1/wall15/wall15_Metallic.tga using Guid(bf806fc6dbd97274bb65e8f45bbffc57) Importer(2089858483,0ecaa5967403d082aa24f35e1b516d23) [PhysX] Initialized MultithreadedTaskDispatcher with 20 workers.
 -> (artifact id: '399d66ce5ccdc266a700473ced6e8e30') in 0.026582 seconds
Number of updated asset objects reloaded before import = 0
Number of asset objects unloaded after import = 1
========================================================================
Received Import Request.
  Time since last request: 0.000088 seconds.
  path: Assets/Art By Kandles/Basic Icons/Textures/Small/Menu.png
  artifactKey: Guid(14f5118ff1b0aa249810635a6276fb2a) Importer(2089858483,0ecaa5967403d082aa24f35e1b516d23)
Start importing Assets/Art By Kandles/Basic Icons/Textures/Small/Menu.png using Guid(14f5118ff1b0aa249810635a6276fb2a) Importer(2089858483,0ecaa5967403d082aa24f35e1b516d23) [PhysX] Initialized MultithreadedTaskDispatcher with 20 workers.
 -> (artifact id: '4728d7e455790925b7dc0d832e0a69b9') in 0.024298 seconds
Number of updated asset objects reloaded before import = 0
Number of asset objects unloaded after import = 3
========================================================================
Received Import Request.
  Time since last request: 0.000024 seconds.
  path: Assets/Joystick Pack/Sprites/All Axis Backgrounds/AllAxis_Plain_Arrows.png
  artifactKey: Guid(2a1f3cba20f3e11498474a705db12fde) Importer(2089858483,0ecaa5967403d082aa24f35e1b516d23)
Start importing Assets/Joystick Pack/Sprites/All Axis Backgrounds/AllAxis_Plain_Arrows.png using Guid(2a1f3cba20f3e11498474a705db12fde) Importer(2089858483,0ecaa5967403d082aa24f35e1b516d23) [PhysX] Initialized MultithreadedTaskDispatcher with 20 workers.
 -> (artifact id: '5dbecc9812ad59daece56a2e0bfb4ae7') in 0.022031 seconds
Number of updated asset objects reloaded before import = 0
Number of asset objects unloaded after import = 3
========================================================================
Received Import Request.
  Time since last request: 0.000024 seconds.
  path: Assets/ADG_Textures/walls_vol1/wall13/wall13.mat
  artifactKey: Guid(d40e29484caa88c4891e1e09bf80ad8c) Importer(2089858483,0ecaa5967403d082aa24f35e1b516d23)
Start importing Assets/ADG_Textures/walls_vol1/wall13/wall13.mat using Guid(d40e29484caa88c4891e1e09bf80ad8c) Importer(2089858483,0ecaa5967403d082aa24f35e1b516d23) [PhysX] Initialized MultithreadedTaskDispatcher with 20 workers.
 -> (artifact id: 'da1107a29b1e86aa053010e767b71216') in 0.031775 seconds
Number of updated asset objects reloaded before import = 0
Number of asset objects unloaded after import = 4
========================================================================
Received Import Request.
  Time since last request: 0.000025 seconds.
  path: Assets/Joystick Pack/Sprites/Handles/Handle_Outline.png
  artifactKey: Guid(085185b08a40a924985bc0e4176edea6) Importer(2089858483,0ecaa5967403d082aa24f35e1b516d23)
Start importing Assets/Joystick Pack/Sprites/Handles/Handle_Outline.png using Guid(085185b08a40a924985bc0e4176edea6) Importer(2089858483,0ecaa5967403d082aa24f35e1b516d23) [PhysX] Initialized MultithreadedTaskDispatcher with 20 workers.
 -> (artifact id: '687736774fde48af409b46eb5f54dd09') in 0.028248 seconds
Number of updated asset objects reloaded before import = 0
Number of asset objects unloaded after import = 3
========================================================================
Received Import Request.
  Time since last request: 0.000022 seconds.
  path: Assets/ADG_Textures/walls_vol1/wall18/wall18_Diffuse.tif
  artifactKey: Guid(a8dbb9dba497ddb4f92a6da3075921cd) Importer(2089858483,0ecaa5967403d082aa24f35e1b516d23)
Start importing Assets/ADG_Textures/walls_vol1/wall18/wall18_Diffuse.tif using Guid(a8dbb9dba497ddb4f92a6da3075921cd) Importer(2089858483,0ecaa5967403d082aa24f35e1b516d23) [PhysX] Initialized MultithreadedTaskDispatcher with 20 workers.
 -> (artifact id: '7325e0c649b360ce9fc0d63e30420f30') in 0.029672 seconds
Number of updated asset objects reloaded before import = 0
Number of asset objects unloaded after import = 1
========================================================================
Received Import Request.
  Time since last request: 0.000037 seconds.
  path: Assets/ADG_Textures/walls_vol1/wall13/wall13_Height.tga
  artifactKey: Guid(cd2c95182ce014d418069d2fe4ff951e) Importer(2089858483,0ecaa5967403d082aa24f35e1b516d23)
Start importing Assets/ADG_Textures/walls_vol1/wall13/wall13_Height.tga using Guid(cd2c95182ce014d418069d2fe4ff951e) Importer(2089858483,0ecaa5967403d082aa24f35e1b516d23) [PhysX] Initialized MultithreadedTaskDispatcher with 20 workers.
 -> (artifact id: 'f80332d68243b1bab5684f03fe725edc') in 0.023709 seconds
Number of updated asset objects reloaded before import = 0
Number of asset objects unloaded after import = 1
========================================================================
Received Import Request.
  Time since last request: 0.000049 seconds.
  path: Assets/Joystick Pack/Scripts/Joysticks/DynamicJoystick.cs
  artifactKey: Guid(ba0d0e7a039f526499c356a3c5cd6d3f) Importer(2089858483,0ecaa5967403d082aa24f35e1b516d23)
Start importing Assets/Joystick Pack/Scripts/Joysticks/DynamicJoystick.cs using Guid(ba0d0e7a039f526499c356a3c5cd6d3f) Importer(2089858483,0ecaa5967403d082aa24f35e1b516d23) [PhysX] Initialized MultithreadedTaskDispatcher with 20 workers.
 -> (artifact id: 'cec28fdc85fa2a1a6b64b7595e07ad6a') in 0.014635 seconds
Number of updated asset objects reloaded before import = 0
Number of asset objects unloaded after import = 1
========================================================================
Received Import Request.
  Time since last request: 0.000018 seconds.
  path: Assets/ADG_Textures/walls_vol1/wall17/wall17.mat
  artifactKey: Guid(101773f6372afc54b82c2867326d2bbe) Importer(2089858483,0ecaa5967403d082aa24f35e1b516d23)
Start importing Assets/ADG_Textures/walls_vol1/wall17/wall17.mat using Guid(101773f6372afc54b82c2867326d2bbe) Importer(2089858483,0ecaa5967403d082aa24f35e1b516d23) [PhysX] Initialized MultithreadedTaskDispatcher with 20 workers.
 -> (artifact id: 'f9b23c79d0e430d2c6c0c09e01da010d') in 0.022788 seconds
Number of updated asset objects reloaded before import = 0
Number of asset objects unloaded after import = 4
========================================================================
Received Import Request.
  Time since last request: 0.000018 seconds.
  path: Assets/Art By Kandles/Basic Icons/Textures/Large/Menu.png
  artifactKey: Guid(1bcdb36ad43e49143b0e4178829cfb4e) Importer(2089858483,0ecaa5967403d082aa24f35e1b516d23)
Start importing Assets/Art By Kandles/Basic Icons/Textures/Large/Menu.png using Guid(1bcdb36ad43e49143b0e4178829cfb4e) Importer(2089858483,0ecaa5967403d082aa24f35e1b516d23) [PhysX] Initialized MultithreadedTaskDispatcher with 20 workers.
 -> (artifact id: 'b2e7a9a9ce25038ba923069641e37b23') in 0.023005 seconds
Number of updated asset objects reloaded before import = 0
Number of asset objects unloaded after import = 3
========================================================================
Received Import Request.
  Time since last request: 0.000020 seconds.
  path: Assets/Joystick Pack/Scripts/Joysticks/FixedJoystick.cs
  artifactKey: Guid(45977bbae16431c46a013576a1aea384) Importer(2089858483,0ecaa5967403d082aa24f35e1b516d23)
Start importing Assets/Joystick Pack/Scripts/Joysticks/FixedJoystick.cs using Guid(45977bbae16431c46a013576a1aea384) Importer(2089858483,0ecaa5967403d082aa24f35e1b516d23) [PhysX] Initialized MultithreadedTaskDispatcher with 20 workers.
 -> (artifact id: '37f527608d41eb4df2690d30e40622c5') in 0.014061 seconds
Number of updated asset objects reloaded before import = 0
Number of asset objects unloaded after import = 1
========================================================================
Received Import Request.
  Time since last request: 0.000055 seconds.
  path: Assets/Art By Kandles/Basic Icons/Prefabs/Pointer.prefab
  artifactKey: Guid(4275f0f6f5639a2438a8dfc1ef334c79) Importer(2089858483,0ecaa5967403d082aa24f35e1b516d23)
Start importing Assets/Art By Kandles/Basic Icons/Prefabs/Pointer.prefab using Guid(4275f0f6f5639a2438a8dfc1ef334c79) Importer(2089858483,0ecaa5967403d082aa24f35e1b516d23) [PhysX] Initialized MultithreadedTaskDispatcher with 20 workers.
 -> (artifact id: '5ab5d1c5c5892d9164e6fd3690e9c71b') in 0.043304 seconds
Number of updated asset objects reloaded before import = 0
Number of asset objects unloaded after import = 7
========================================================================
Received Import Request.
  Time since last request: 0.000039 seconds.
  path: Assets/Joystick Pack/Sprites/Vertical Backgrounds/Vertical_Ridged_Arrows.png
  artifactKey: Guid(9332cf0d233636a40a024382720294a3) Importer(2089858483,0ecaa5967403d082aa24f35e1b516d23)
Start importing Assets/Joystick Pack/Sprites/Vertical Backgrounds/Vertical_Ridged_Arrows.png using Guid(9332cf0d233636a40a024382720294a3) Importer(2089858483,0ecaa5967403d082aa24f35e1b516d23) [PhysX] Initialized MultithreadedTaskDispatcher with 20 workers.
 -> (artifact id: '4f563bef4006dec483bba0fff091329e') in 0.021866 seconds
Number of updated asset objects reloaded before import = 0
Number of asset objects unloaded after import = 3
========================================================================
Received Prepare
Refreshing native plugins compatible for Editor in 24.43 ms, found 2 plugins.
Preloading 0 native plugins for Editor in 0.00 ms.
Unloading 0 Unused Serialized files (Serialized files now loaded: 0)
Unloading 1 unused Assets / (0.9 KB). Loaded Objects now: 2981.
Memory consumption went from 66.7 MB to 66.7 MB.
Total: 8.941300 ms (FindLiveObjects: 0.276600 ms CreateObjectMapping: 0.167200 ms MarkObjects: 8.467600 ms  DeleteObjects: 0.028800 ms)

Prepare: number of updated asset objects reloaded= 0
AssetImportParameters requested are different than current active one (requested -> active):
  custom:scripting/monoscript/fileName/IEvent.cs: 8e91c3ef6ad132f8e817db8e2b96ac7e -> c25d501578d8ebe48d7b30415b0df4c5
  custom:video-decoder-webm-vp8: 9c59270c3fd7afecdb556c50c9e8de78 -> 
  custom:scripting/monoscript/fileName/ISavedGameMetadata.cs: 2ba930ee40b5c4b7beb3ec029b2bde53 -> 
  custom:SearchIndexIgnoredProperties: e643bd26f0fe6173181afceb89e7c659 -> 
  custom:scripting/monoscript/fileName/Logger.cs: 6c47204b9fd949d7c4c60eac633cb240 -> 
  custom:container-demuxer-ogg: 62fdf1f143b41e24485cea50d1cbac27 -> 
  custom:AudioImporter_EditorPlatform: d09bf68614088b80899f8185d706f6e7 -> 
  custom:scripting/monoscript/fileName/NearbyConnectionConfiguration.cs: 37b22c38ad06f22daaffc0fe47f0dd07 -> 
  custom:video-codec-MediaFoundation-h265: 746d11721c4dcdbdad8f713fa42b33f4 -> 
  custom:scripting/monoscript/fileName/GPGSStrings.cs: dd86a8ea956b4282a8ef6d6946ddceef -> 
  custom:scripting/monoscript/fileName/AdvertisingResult.cs: 8e2a212c467818e474379fef59969421 -> 
  custom:video-decoder-ogg-theora: a1e56fd34408186e4bbccfd4996cb3dc -> 
  custom:scripting/monoscript/fileName/GPGSDocsUI.cs: 705e49df51da94d0c953d8fe3e0f8001 -> 
  custom:scripting/monoscript/fileName/PluginVersion.cs: f2f7d8279b922a92d52d004c8b6724f5 -> 
  custom:scripting/monoscript/fileName/CommonTypes.cs: 60dc8a0e07d863d523b691764a3213ea -> 
  custom:scripting/monoscript/fileName/PlayGamesHelperObject.cs: c10c45392870dd1d957c11994e8b81f3 -> 
  custom:framework-win-MediaFoundation: 216162199b28c13a410421893ffa2e32 -> 
  custom:scripting/monoscript/fileName/ConnectionResponse.cs: 2ca105c2e2ecc02b07715437ed5818b5 -> 
  custom:scripting/monoscript/fileName/CaptureOverlayStateListener.cs: 8963a0d283c8ac78c6b1d7698d98777f -> 
  custom:scripting/monoscript/fileName/GPGSAndroidSetupUI.cs: c299773a5712855c9e004184cd15df09 -> 
  custom:video-encoder-webm-vp8: eb34c28f22e8b96e1ab97ce403110664 -> 
  custom:scripting/monoscript/fileName/EndpointDetails.cs: 2dcb55edadfd4c737fb9de806546f03d -> 
  custom:audio-decoder-ogg-vorbis: bf7c407c2cedff20999df2af8eb42d56 -> 
  custom:scripting/monoscript/fileName/Misc.cs: bf563e9872021dd194c6410c83405919 -> 7ed2e50827551a4e78c69f183dffa2c9
  custom:CustomObjectIndexerAttribute: 9a22284fe3817be447336de3de66b15e -> 
  custom:container-demuxer-webm: 4f35f7cbe854078d1ac9338744f61a02 -> 
  custom:scripting/monoscript/fileName/VideoCaptureState.cs: 95378a566a2d79db250c843eae350dfb -> 
  custom:scripting/monoscript/fileName/GPGSUtil.cs: 505ced7a05ca78c40c2fad1b53541560 -> 
  custom:scripting/monoscript/fileName/INearbyConnectionClient.cs: c189129d7062ed4f8748414f7ef22246 -> 
  custom:audio-encoder-webm-vorbis: bf7c407c2cedff20999df2af8eb42d56 -> 
  custom:scripting/monoscript/fileName/ConnectionRequest.cs: 3e19a3c7794e5ef65de7349c45a22c17 -> 
  custom:scripting/monoscript/fileName/IVideoClient.cs: e75247745889906fa81829d289e64e3b -> 
  custom:scripting/monoscript/fileName/SavedGameMetadataUpdate.cs: bc1e6a84bf3859de501fc0126ebbd2ae -> 
  custom:scripting/monoscript/fileName/GPGSProjectSettings.cs: f428214e4ec8abb7d5ea4bd8a06d1f8e -> 
  custom:scripting/monoscript/fileName/VideoCapabilities.cs: 9c624cbed443e8220c35d5da43eec58e -> 
  custom:container-muxer-webm: aa71ff27fc2769a1b78a27578f13a17b -> 
  custom:scripting/monoscript/fileName/ISavedGameClient.cs: d608dd17c2cf0d77e53d24bf3e80b961 -> 
Editor requested this worker to shutdown with reason: Scaling down because of idle timeout
TcpMessagingSession - receive error: operation aborted. errorcode: 995, details: A operao de E/S foi anulada devido a uma sada de thread ou a uma requisio de aplicativo.
AssetImportWorker is now disconnected from the server
Process exiting
Exiting without the bug reporter. Application will terminate with return code 0